***********************************************************************
*
*	DYNAMIC LINK AND INDIRECT ALLOCATION LISTING FOR: clock
*
***********************************************************************


***************************************************
	 FIRST CODE AREA
***************************************************

***************************************************
	 DATABLOCK PATCHES
***************************************************
*
* List of data blocks that will be checked run-time for consistency with
* their definition available at compile-time
*
*
*	REQUIREMENTS for DATA BLOCK %Q4
*		Process image: 0
*		Number of elements: 512
*		Data size (bytes): 1
0000	00 02 04 00 00 02 00 00 01 00 00 00 

*
*	REQUIREMENTS for DATA BLOCK %I4
*		Process image: 0
*		Number of elements: 512
*		Data size (bytes): 1
000C	00 01 04 00 00 02 00 00 01 00 00 00 

*
*	REQUIREMENTS for DATA BLOCK %M60000
*		Process image: 0
*		Number of elements: 1
*		Data size (bytes): 4
0018	00 00 60 EA 01 00 00 00 04 00 00 00 

*
* List of all references to data allocated on data blocks
* along with the whole information required by the run-time linker
*
*
*	1 REFERENCE(S) TO 16-BIT VAR AT BYTE #14 OF DATA BLOCK %Q4
0000	00 00 04 00 0E 00 00 00 02 02 01 00 

*		Instruction type: 0x00
*		Code offset: 0x000010CC
000C	CC 10 00 00 

*
*	2 REFERENCE(S) TO 8-BIT VAR AT BYTE #18 OF DATA BLOCK %Q4
0010	00 00 04 00 12 00 00 00 02 01 02 00 

*		Instruction type: 0x00
*		Code offset: 0x00000400
001C	00 04 00 00 

*		Instruction type: 0x00
*		Code offset: 0x000010D0
0020	D0 10 00 00 

*
*	3 REFERENCE(S) TO 16-BIT VAR AT BYTE #16 OF DATA BLOCK %Q4
0024	00 00 04 00 10 00 00 00 02 02 03 00 

*		Instruction type: 0x00
*		Code offset: 0x000003FC
0030	FC 03 00 00 

*		Instruction type: 0x00
*		Code offset: 0x000009F0
0034	F0 09 00 00 

*		Instruction type: 0x00
*		Code offset: 0x00000F50
0038	50 0F 00 00 

*
*	3 REFERENCE(S) TO 16-BIT VAR AT BYTE #10 OF DATA BLOCK %Q4
003C	00 00 04 00 0A 00 00 00 02 02 03 00 

*		Instruction type: 0x00
*		Code offset: 0x000003F8
0048	F8 03 00 00 

*		Instruction type: 0x00
*		Code offset: 0x000009EC
004C	EC 09 00 00 

*		Instruction type: 0x00
*		Code offset: 0x00000F4C
0050	4C 0F 00 00 

*
*	2 REFERENCE(S) TO 16-BIT VAR AT BYTE #2 OF DATA BLOCK %I4
0054	00 00 04 00 02 00 00 00 01 02 02 00 

*		Instruction type: 0x00
*		Code offset: 0x000009E0
0060	E0 09 00 00 

*		Instruction type: 0x00
*		Code offset: 0x00000F40
0064	40 0F 00 00 

*
*	1 REFERENCE(S) TO 32-BIT VAR AT BYTE #0 OF DATA BLOCK %M60000
0068	00 00 60 EA 00 00 00 00 00 04 01 00 

*		Instruction type: 0x00
*		Code offset: 0x00000280
0074	80 02 00 00 

*
*	2 REFERENCE(S) TO 16-BIT VAR AT BYTE #4 OF DATA BLOCK %I4
0078	00 00 04 00 04 00 00 00 01 02 02 00 

*		Instruction type: 0x00
*		Code offset: 0x000009E4
0084	E4 09 00 00 

*		Instruction type: 0x00
*		Code offset: 0x00000F44
0088	44 0F 00 00 

*
*	1 REFERENCE(S) TO 16-BIT VAR AT BYTE #8 OF DATA BLOCK %Q4
008C	00 00 04 00 08 00 00 00 02 02 01 00 

*		Instruction type: 0x00
*		Code offset: 0x000010C8
0098	C8 10 00 00 

*
*	3 REFERENCE(S) TO 16-BIT VAR AT BYTE #4 OF DATA BLOCK %Q4
009C	00 00 04 00 04 00 00 00 02 02 03 00 

*		Instruction type: 0x00
*		Code offset: 0x000003F4
00A8	F4 03 00 00 

*		Instruction type: 0x00
*		Code offset: 0x000009E8
00AC	E8 09 00 00 

*		Instruction type: 0x00
*		Code offset: 0x00000F48
00B0	48 0F 00 00 

*
*	1 REFERENCE(S) TO 16-BIT VAR AT BYTE #2 OF DATA BLOCK %Q4
00B4	00 00 04 00 02 00 00 00 02 02 01 00 

*		Instruction type: 0x00
*		Code offset: 0x000010C4
00C0	C4 10 00 00 

*
*	2 REFERENCE(S) TO 16-BIT VAR AT BYTE #0 OF DATA BLOCK %I4
00C4	00 00 04 00 00 00 00 00 01 02 02 00 

*		Instruction type: 0x00
*		Code offset: 0x000009DC
00D0	DC 09 00 00 

*		Instruction type: 0x00
*		Code offset: 0x00000F3C
00D4	3C 0F 00 00 


***************************************************
	 FUNCTION PATCHES
***************************************************

NAME: sysCfgAO  - NUM: 1
	 Patch - TYPE: 0x0 - CODE OFFSET: 0x000012FC

NAME: sysDBase_SetExtTable  - NUM: 1
	 Patch - TYPE: 0x0 - CODE OFFSET: 0x00001070

NAME: sysCfgProgDIO  - NUM: 1
	 Patch - TYPE: 0x0 - CODE OFFSET: 0x00001304

NAME: sysCfgProgDIOs  - NUM: 1
	 Patch - TYPE: 0x0 - CODE OFFSET: 0x00001300

NAME: sysCfgTempProbe  - NUM: 1
	 Patch - TYPE: 0x0 - CODE OFFSET: 0x0000130C

NAME: sysCfgTempProbes  - NUM: 1
	 Patch - TYPE: 0x0 - CODE OFFSET: 0x00001308

NAME: sysCfgDOs  - NUM: 1
	 Patch - TYPE: 0x0 - CODE OFFSET: 0x000012F4

NAME: sysCfgAIs  - NUM: 1
	 Patch - TYPE: 0x0 - CODE OFFSET: 0x000012F8
